<?xml version="1.0" encoding="UTF-8"?>
<!-- Generated by org.testng.reporters.JUnitReportReporter -->
<testsuite skipped="0" hostname="LAPTOP-PATGFM90" name="PESMCOE.PublicationScreenShot.PdfDataProvider" tests="1" failures="0" timestamp="2022-06-05T22:49:19 IST" time="0.612" errors="0">
  <testcase name="pdfPath" time="0.612" classname="PESMCOE.PublicationScreenShot.PdfDataProvider"/>
  <system-out/>
</testsuite> <!-- PESMCOE.PublicationScreenShot.PdfDataProvider -->
