<?xml version="1.0" encoding="UTF-8"?>
<!-- Generated by org.testng.reporters.JUnitReportReporter -->
<testsuite skipped="0" hostname="LAPTOP-PATGFM90" name="PESMCOE.PublicationScreenShot.TakeScreenShot" tests="4" failures="0" timestamp="2022-06-03T22:17:48 IST" time="113.839" errors="0">
  <testcase name="takeScreenShot" time="31.941" classname="PESMCOE.PublicationScreenShot.TakeScreenShot"/>
  <system-out/>
  <testcase name="takeScreenShot" time="20.113" classname="PESMCOE.PublicationScreenShot.TakeScreenShot"/>
  <system-out/>
  <testcase name="takeScreenShot" time="38.308" classname="PESMCOE.PublicationScreenShot.TakeScreenShot"/>
  <system-out/>
  <testcase name="takeScreenShot" time="23.477" classname="PESMCOE.PublicationScreenShot.TakeScreenShot"/>
  <system-out/>
</testsuite> <!-- PESMCOE.PublicationScreenShot.TakeScreenShot -->
