<?xml version="1.0" encoding="UTF-8"?>
<!-- Generated by org.testng.reporters.JUnitReportReporter -->
<testsuite skipped="0" hostname="LAPTOP-PATGFM90" name="PESMCOE.PublicationScreenShot.TakeScreenShot" tests="3" failures="0" timestamp="2022-06-03T03:31:56 IST" time="72.290" errors="0">
  <testcase name="takeScreenShot" time="24.413" classname="PESMCOE.PublicationScreenShot.TakeScreenShot"/>
  <system-out/>
  <testcase name="takeScreenShot" time="21.048" classname="PESMCOE.PublicationScreenShot.TakeScreenShot"/>
  <system-out/>
  <testcase name="takeScreenShot" time="26.829" classname="PESMCOE.PublicationScreenShot.TakeScreenShot"/>
  <system-out/>
</testsuite> <!-- PESMCOE.PublicationScreenShot.TakeScreenShot -->
