<?xml version="1.0" encoding="UTF-8"?>
<!-- Generated by org.testng.reporters.JUnitReportReporter -->
<testsuite skipped="0" hostname="LAPTOP-PATGFM90" name="PESMCOE.PublicationScreenShot.URLProvider" tests="1" failures="0" timestamp="2022-06-03T02:50:07 IST" time="1.584" errors="0">
  <testcase name="urlProvider" time="1.584" classname="PESMCOE.PublicationScreenShot.URLProvider"/>
  <system-out/>
</testsuite> <!-- PESMCOE.PublicationScreenShot.URLProvider -->
